2025-04-08 23:45:49.836522 - Received CBT.V508.FILE127.PDS from FILE127.XMI 
2025-04-08 23:45:49.839376 - Found $$$#DATE.txt (text/plain) in CBT.V508.FILE127.PDS, moved to PDS/$$$#DATE
2025-04-08 23:45:49.840034 - Found $DOC.txt (text/plain) in CBT.V508.FILE127.PDS, moved to PDS/$DOC
2025-04-08 23:45:49.840617 - Found $JCL.jcl (text/plain) in CBT.V508.FILE127.PDS, moved to PDS/$JCL
2025-04-08 23:45:49.841228 - Found @ENT.txt (text/plain) in CBT.V508.FILE127.PDS, moved to PDS/@ENT
2025-04-08 23:45:49.841856 - Found @FILE127.txt (text/plain) in CBT.V508.FILE127.PDS, moved to PDS/@FILE127
2025-04-08 23:45:49.842450 - Found @RET.txt (text/plain) in CBT.V508.FILE127.PDS, moved to PDS/@RET
2025-04-08 23:45:49.843048 - Found @STCK.txt (text/plain) in CBT.V508.FILE127.PDS, moved to PDS/@STCK
2025-04-08 23:45:49.843671 - Found CLEAR.txt (text/plain) in CBT.V508.FILE127.PDS, moved to PDS/CLEAR
2025-04-08 23:45:49.844280 - Found CONV.txt (text/plain) in CBT.V508.FILE127.PDS, moved to PDS/CONV
2025-04-08 23:45:49.844893 - Found ENTER.txt (text/plain) in CBT.V508.FILE127.PDS, moved to PDS/ENTER
2025-04-08 23:45:49.845476 - Found ENTERX.txt (text/plain) in CBT.V508.FILE127.PDS, moved to PDS/ENTERX
2025-04-08 23:45:49.846111 - Found LEAVE.txt (text/plain) in CBT.V508.FILE127.PDS, moved to PDS/LEAVE
2025-04-08 23:45:49.846726 - Found MSG.txt (text/plain) in CBT.V508.FILE127.PDS, moved to PDS/MSG
2025-04-08 23:45:49.847281 - Found PDEDSNAM.txt (text/plain) in CBT.V508.FILE127.PDS, moved to PDS/PDEDSNAM
2025-04-08 23:45:49.847820 - Found REGS.txt (text/plain) in CBT.V508.FILE127.PDS, moved to PDS/REGS
2025-04-08 23:45:49.848389 - Found SYSGET.txt (text/plain) in CBT.V508.FILE127.PDS, moved to PDS/SYSGET
2025-04-08 23:45:49.848960 - Found SYSPUT.txt (text/plain) in CBT.V508.FILE127.PDS, moved to PDS/SYSPUT
2025-04-08 23:45:49.849527 - Found TSCALL.txt (text/plain) in CBT.V508.FILE127.PDS, moved to PDS/TSCALL
2025-04-08 23:45:49.850036 - Found TSCVDAT.txt (text/plain) in CBT.V508.FILE127.PDS, moved to PDS/TSCVDAT
2025-04-08 23:45:49.850566 - Found TSCVDATE.txt (text/plain) in CBT.V508.FILE127.PDS, moved to PDS/TSCVDATE
2025-04-08 23:45:49.851125 - Found TSDYNLXA.txt (text/plain) in CBT.V508.FILE127.PDS, moved to PDS/TSDYNLXA
2025-04-08 23:45:49.851699 - Found TSENQSP3.txt (text/plain) in CBT.V508.FILE127.PDS, moved to PDS/TSENQSP3
2025-04-08 23:45:49.852386 - Found TSGTFMAP.txt (text/plain) in CBT.V508.FILE127.PDS, moved to PDS/TSGTFMAP
2025-04-08 23:45:49.853011 - Found TSSPACE.txt (text/plain) in CBT.V508.FILE127.PDS, moved to PDS/TSSPACE
2025-04-08 23:45:49.853595 - Found TSSYSTEM.txt (text/plain) in CBT.V508.FILE127.PDS, moved to PDS/TSSYSTEM
2025-04-08 23:45:49.854118 - Found VTCALL.txt (text/plain) in CBT.V508.FILE127.PDS, moved to PDS/VTCALL
2025-04-08 23:45:49.854757 - Found VTEXCP.txt (text/plain) in CBT.V508.FILE127.PDS, moved to PDS/VTEXCP
2025-04-08 23:45:49.855291 - Found VTFMT.txt (text/plain) in CBT.V508.FILE127.PDS, moved to PDS/VTFMT
2025-04-08 23:45:49.856043 - Found VTOC.txt (text/plain) in CBT.V508.FILE127.PDS, moved to PDS/VTOC
2025-04-08 23:45:49.856642 - Found VTOCMSG.txt (text/plain) in CBT.V508.FILE127.PDS, moved to PDS/VTOCMSG
2025-04-08 23:45:49.857156 - Found VTOCOM.txt (text/plain) in CBT.V508.FILE127.PDS, moved to PDS/VTOCOM
2025-04-08 23:45:49.857772 - Found VTOCPARS.txt (text/plain) in CBT.V508.FILE127.PDS, moved to PDS/VTOCPARS
